C:>cpanm --force --verbose --no-interactive Math::Int64
cpanm (App::cpanminus) 1.7044 on perl 5.010001 built for MSWin32-x86-multi-thread
Work directory is C:\ALLEGR~1/.cpanm/work/1581461427.9388
You have make C:\usr\local\apps\berrybrew\perls\5p10b32\c\bin\dmake.exe
You have LWP 5.834
Falling back to Archive::Tar 1.60
Searching Math::Int64 () on cpanmetadb ...
--> Working on Math::Int64
Fetching http://www.cpan.org/authors/id/S/SA/SALVA/Math-Int64-0.54.tar.gz ... OK
Unpacking Math-Int64-0.54.tar.gz
Entering Math-Int64-0.54
Checking configure dependencies from META.json
Checking if you have ExtUtils::MakeMaker 6.58 ... Yes (6.98)
Running Makefile.PL
Configuring Math-Int64-0.54 ... Using NV backend
Checking for stdlib.h... yes
Checking for stdarg.h... yes
Checking for string.h... yes
Checking for float.h... yes
Checking for assert.h... yes
Checking for ctype.h... yes
Checking for errno.h... yes
Checking for limits.h... yes
Checking for locale.h... yes
Checking for math.h... yes
Checking for setjmp.h... yes
Checking for signal.h... yes
Checking for stddef.h... yes
Checking for stdio.h... yes
Checking for time.h... yes
Checking for sys/types.h... yes
Checking for sys/stat.h... yes
Checking for memory.h... yes
Checking for strings.h... yes
Checking for inttypes.h... yes
Checking for stdint.h... yes
Checking for unistd.h... yes
Checking for int64_t... yes
Checking for stdint.h... (cached) yes
Checking if your kit is complete...
Looks good
Generating a dmake-style Makefile
Writing Makefile for Math::Int64
Writing MYMETA.yml and MYMETA.json
OK
Checking dependencies from MYMETA.json ...
Checking if you have warnings 0 ... Yes (1.06)
Checking if you have XSLoader 0 ... Yes (0.10)
Checking if you have ExtUtils::MakeMaker 0 ... Yes (6.98)
Checking if you have File::Spec 0 ... Yes (3.31)
Checking if you have IO::Handle 0 ... Yes (1.28)
Checking if you have Storable 0 ... Yes (2.21)
Checking if you have overload 0 ... Yes (1.07)
Checking if you have constant 0 ... Yes (1.19)
Checking if you have Exporter 0 ... Yes (5.63)
Checking if you have IPC::Open3 0 ... Yes (1.04)
Checking if you have Test::More 0.96 ... Yes (1.302171)
Checking if you have strict 0 ... Yes (1.04)
Checking if you have warnings::register 0 ... Yes (1.01)
Checking if you have blib 1.01 ... Yes (1.04)
Building and testing Math-Int64-0.54 ... cp lib/Math/Int64.pm blib\lib\Math\Int64.pm
cp lib/Math/UInt64.pm blib\lib\Math\UInt64.pm
cp lib/Math/Int64/die_on_overflow.pm blib\lib\Math\Int64\die_on_overflow.pm
cp lib/Math/Int64/native_if_available.pm blib\lib\Math\Int64\native_if_available.pm
Running Mkbootstrap for Math::Int64 ()
C:\usr\local\apps\berrybrew\perls\5p10b32\perl\bin\perl.exe -MExtUtils::Command -e chmod -- 644 Int64.bs
C:\usr\local\apps\berrybrew\perls\5p10b32\perl\bin\perl.exe C:\usr\local\apps\berrybrew\perls\5p10b32\perl\lib\ExtUtils\xsubpp  -typemap C:\usr\local\apps\berrybrew\perls\5p10b32\perl\lib\ExtUtils\typemap -typemap typemap  Int64.xs > Int64.xsc && C:\usr\local\apps\berrybrew\perls\5p10b32\perl\bin\perl.exe -MExtUtils::Command -e mv -- Int64.xsc Int64.c
gcc -c          -s -O2 -DWIN32 -DHAVE_DES_FCRYPT -DUSE_SITECUSTOMIZE -DPERL_IMPLICIT_CONTEXT -DPERL_IMPLICIT_SYS -fno-strict-aliasing -DPERL_MSVCRT_READFIX -s -O2      -DVERSION=\"0.54\"    -DXS_VERSION=\"0.54\"  "-IC:\usr\local\apps\berrybrew\perls\5p10b32\perl\lib\CORE"  -DINT64_BACKEND_NV -DUSE_INT64_T -DHAS_STDINT_H Int64.c
Int64.xs: In function `SvI64':
Int64.xs:317: warning: comparison is always false due to limited range of data type
C:\usr\local\apps\berrybrew\perls\5p10b32\perl\bin\perl.exe -MExtUtils::Mksymlists \
     -e "Mksymlists('NAME'=>\"Math::Int64\", 'DLBASE' => 'Int64', 'DL_FUNCS' => {  }, 'FUNCLIST' => [], 'IMPORTS' => {  }, 'DL_VARS' => []);"
dlltool --def Int64.def --output-exp dll.exp
g++.exe -o blib\arch\auto\Math\Int64\Int64.dll -Wl,--base-file -Wl,dll.base -mdll -s -L"C:\usr\local\apps\berrybrew\perls\5p10b32\perl\lib\CORE" -L"C:\usr\local\apps\berrybrew\perls\5p10b32\c\lib" Int64.o   C:\usr\local\apps\berrybrew\perls\5p10b32\perl\lib\CORE\libperl510.a -lmoldname -lkernel32 -luser32 -lgdi32 -lwinspool -lcomdlg32 -ladvapi32 -lshell32 -lole32 -loleaut32 -lnetapi32 -luuid -lws2_32 -lmpr -lwinmm -lversion -lodbc32 -lodbccp32 dll.exp
dlltool --def Int64.def --base-file dll.base --output-exp dll.exp
g++.exe -o blib\arch\auto\Math\Int64\Int64.dll -mdll -s -L"C:\usr\local\apps\berrybrew\perls\5p10b32\perl\lib\CORE" -L"C:\usr\local\apps\berrybrew\perls\5p10b32\c\lib" Int64.o   C:\usr\local\apps\berrybrew\perls\5p10b32\perl\lib\CORE\libperl510.a -lmoldname -lkernel32 -luser32 -lgdi32 -lwinspool -lcomdlg32 -ladvapi32 -lshell32 -lole32 -loleaut32 -lnetapi32 -luuid -lws2_32 -lmpr -lwinmm -lversion -lodbc32 -lodbccp32 dll.exp
C:\usr\local\apps\berrybrew\perls\5p10b32\perl\bin\perl.exe -MExtUtils::Command -e chmod -- 755 blib\arch\auto\Math\Int64\Int64.dll
C:\usr\local\apps\berrybrew\perls\5p10b32\perl\bin\perl.exe "-MExtUtils::Command::MM" "-MTest::Harness" "-e" "undef *Test::Harness::Switches; test_harness(0, 'blib\lib', 'blib\arch')" t/*.t
t/00-compile.t ............ ok
t/00-report-prereqs.t ..... #
# Versions for all modules listed in static metadata (including optional ones):
#
# === Configure Requires ===
#
#     Module              Want Have
#     ------------------- ---- ----
#     ExtUtils::MakeMaker  any 6.98
#
# === Test Requires ===
#
#     Module              Want     Have
#     ------------------- ---- --------
#     ExtUtils::MakeMaker  any     6.98
#     File::Spec           any     3.31
#     IO::Handle           any     1.28
#     IPC::Open3           any     1.04
#     Storable             any     2.21
#     Test::More          0.96 1.302171
#     blib                1.01     1.04
#
# === Test Recommends ===
#
#     Module         Want     Have
#     ---------- -------- --------
#     CPAN::Meta 2.120900 2.120351
#
# === Runtime Requires ===
#
#     Module             Want Have
#     ------------------ ---- ----
#     Exporter            any 5.63
#     XSLoader            any 0.10
#     constant            any 1.19
#     overload            any 1.07
#     strict              any 1.04
#     warnings            any 1.06
#     warnings::register  any 1.01
#
t/00-report-prereqs.t ..... ok
t/as_int64.t .............. ok
t/author-eol.t ............ skipped: these tests are for testing by the author
t/author-no-tabs.t ........ skipped: these tests are for testing by the author
t/author-pod-spell.t ...... skipped: these tests are for testing by the author
t/author-pod-syntax.t ..... skipped: these tests are for testing by the author
t/die_on_overflow.t ....... ok
t/Math-Int64-Native.t ..... ok
t/Math-Int64.t ............ ok
t/Math-UInt64-Native.t .... ok
t/Math-UInt64.t ........... ok
t/MSC.t ................... ok
t/pow.t ................... ok
t/release-cpan-changes.t .. skipped: these tests are for release candidate testing
t/release-pod-coverage.t .. skipped: these tests are for release candidate testing
t/release-portability.t ... skipped: these tests are for release candidate testing
t/release-synopsis.t ...... skipped: these tests are for release candidate testing
t/storable.t .............. ok
All tests successful.
Files=19, Tests=2525,  4 wallclock secs ( 0.23 usr +  0.09 sys =  0.33 CPU)
Result: PASS
Files found in blib\arch: installing files in blib\lib into architecture dependent library tree
Installing C:\usr\local\apps\berrybrew\perls\5p10b32\perl\site\lib\auto\Math\Int64\Int64.dll
Appending installation info to C:\usr\local\apps\berrybrew\perls\5p10b32\perl\lib/perllocal.pod
OK
Successfully reinstalled Math-Int64-0.54
1 distribution installed
